[debug] [2024-10-15T14:06:05.831Z] ----------------------------------------------------------------------
[debug] [2024-10-15T14:06:05.836Z] Command:       C:\Program Files\nodejs\node.exe C:\Users\aryan\AppData\Roaming\npm\node_modules\firebase-tools\lib\bin\firebase.js init hosting
[debug] [2024-10-15T14:06:05.836Z] CLI Version:   13.22.0
[debug] [2024-10-15T14:06:05.837Z] Platform:      win32
[debug] [2024-10-15T14:06:05.837Z] Node Version:  v20.14.0
[debug] [2024-10-15T14:06:05.837Z] Time:          Tue Oct 15 2024 19:36:05 GMT+0530 (India Standard Time)
[debug] [2024-10-15T14:06:05.837Z] ----------------------------------------------------------------------
[debug] 
[debug] [2024-10-15T14:06:05.850Z] > command requires scopes: ["email","openid","https://www.googleapis.com/auth/cloudplatformprojects.readonly","https://www.googleapis.com/auth/firebase","https://www.googleapis.com/auth/cloud-platform"]
[debug] [2024-10-15T14:06:05.851Z] > authorizing via signed-in user (aryanmane2016@gmail.com)
[info] 
     ######## #### ########  ######## ########     ###     ######  ########
     ##        ##  ##     ## ##       ##     ##  ##   ##  ##       ##
     ######    ##  ########  ######   ########  #########  ######  ######
     ##        ##  ##    ##  ##       ##     ## ##     ##       ## ##
     ##       #### ##     ## ######## ########  ##     ##  ######  ########

You're about to initialize a Firebase project in this directory:

  C:\Users\aryan\OneDrive\Desktop\cc proj

[info] 
=== Project Setup
[info] 
[info] First, let's associate this project directory with a Firebase project.
[info] You can create multiple project aliases by running firebase use --add, 
[info] but for now we'll just set up a default project.
[info] 
[info] i  If you want to create a project in a Google Cloud organization or folder, please use "firebase projects:create" instead, and return to this command when you've created the project. 
